Change Component Designator: Old Designator=C38 New Designator=C19
Change Component Designator: Old Designator=C39 New Designator=C20
Change Component Designator: Old Designator=C40 New Designator=C24
Change Component Designator: Old Designator=C41 New Designator=C25
Change Component Designator: Old Designator=C42 New Designator=C21
Change Component Designator: Old Designator=C43 New Designator=C22
Change Component Designator: Old Designator=C44 New Designator=C23
Change Component Designator: Old Designator=P1 New Designator=P2
Change Component Designator: Old Designator=P2 New Designator=P3
Change Component Designator: Old Designator=P3 New Designator=P1
Change Component Designator: Old Designator=R2 New Designator=R3
Change Component Designator: Old Designator=R3 New Designator=R1
Change Component Designator: Old Designator=R13 New Designator=R2
Change Component Designator: Old Designator=R14 New Designator=R4
Change Component Designator: Old Designator=R15 New Designator=R7
Change Component Designator: Old Designator=R16 New Designator=R8
Change Component Designator: Old Designator=R17 New Designator=R9
Change Component Designator: Old Designator=R18 New Designator=R10
Change Component Designator: Old Designator=R19 New Designator=R11
Change Component Designator: Old Designator=R20 New Designator=R5
Change Component Designator: Old Designator=R21 New Designator=R6
Change Component Designator: Old Designator=SB2 New Designator=SB1
Change Component Designator: Old Designator=TP5 New Designator=TP1
Change Component Designator: Old Designator=TP6 New Designator=TP2
Change Component Designator: Old Designator=TP7 New Designator=TP4
Change Component Designator: Old Designator=TP8 New Designator=TP5
Change Component Designator: Old Designator=TP9 New Designator=TP6
Change Component Designator: Old Designator=TP10 New Designator=TP7
Change Component Designator: Old Designator=TP11 New Designator=TP8
Change Component Designator: Old Designator=TP12 New Designator=TP3
Change Component Designator: Old Designator=TP16 New Designator=TP9
